<?xml version="1.0" encoding="UTF-8"?>
<robot generator="Robot 4.1.2 (Python 3.10.1 on win32)" generated="20211213 22:43:39.383" rpa="false" schemaversion="2">
<suite id="s1" name="Sort-product-price-(high-to-low)" source="C:\Users\vince\Desktop\sweng\tests\Sort-product-price-(high-to-low).robot">
<test id="s1-t1" name="Sort product price (low to high)">
<kw name="Open Browser" library="SeleniumLibrary">
<arg>https://www.saucedemo.com/</arg>
<arg>chrome</arg>
<doc>Opens a new browser instance to the optional ``url``.</doc>
<msg timestamp="20211213 22:43:39.682" level="INFO">Opening browser 'chrome' to base url 'https://www.saucedemo.com/'.</msg>
<status status="PASS" starttime="20211213 22:43:39.681" endtime="20211213 22:43:41.370"/>
</kw>
<kw name="Page Should Contain Element" library="SeleniumLibrary">
<arg>login-button</arg>
<doc>Verifies that element ``locator`` is found on the current page.</doc>
<msg timestamp="20211213 22:43:41.389" level="INFO">Current page contains element 'login-button'.</msg>
<status status="PASS" starttime="20211213 22:43:41.372" endtime="20211213 22:43:41.389"/>
</kw>
<kw name="Input Text" library="SeleniumLibrary">
<arg>user-name</arg>
<arg>standard_user</arg>
<doc>Types the given ``text`` into the text field identified by ``locator``.</doc>
<msg timestamp="20211213 22:43:41.390" level="INFO">Typing text 'standard_user' into text field 'user-name'.</msg>
<status status="PASS" starttime="20211213 22:43:41.390" endtime="20211213 22:43:41.497"/>
</kw>
<kw name="Input Password" library="SeleniumLibrary">
<arg>password</arg>
<arg>secret_sauce</arg>
<doc>Types the given password into the text field identified by ``locator``.</doc>
<msg timestamp="20211213 22:43:41.498" level="INFO">Typing password into text field 'password'.</msg>
<msg timestamp="20211213 22:43:41.539" level="INFO">Temporally setting log level to: NONE</msg>
<msg timestamp="20211213 22:43:41.591" level="INFO">Log level changed from NONE to INFO.</msg>
<status status="PASS" starttime="20211213 22:43:41.498" endtime="20211213 22:43:41.591"/>
</kw>
<kw name="Click Button" library="SeleniumLibrary">
<arg>login-button</arg>
<doc>Clicks the button identified by ``locator``.</doc>
<msg timestamp="20211213 22:43:41.594" level="INFO">Clicking button 'login-button'.</msg>
<status status="PASS" starttime="20211213 22:43:41.593" endtime="20211213 22:43:41.759"/>
</kw>
<kw name="Select From List By Value" library="SeleniumLibrary">
<arg>xpath://*[@id="header_container"]/div[2]/div[2]/span/select</arg>
<arg>hilo</arg>
<doc>Selects options from selection list ``locator`` by ``values``.</doc>
<msg timestamp="20211213 22:43:41.765" level="INFO">Selecting options from selection list 'xpath://*[@id="header_container"]/div[2]/div[2]/span/select' by value hilo.</msg>
<status status="PASS" starttime="20211213 22:43:41.765" endtime="20211213 22:43:42.050"/>
</kw>
<kw name="Element Text Should Be" library="SeleniumLibrary">
<arg>xpath://html/body/div/div/div/div[2]/div/div/div/div[1]/div[2]/div[1]/a/div</arg>
<arg>Sauce Labs Fleece Jacket</arg>
<doc>Verifies that element ``locator`` contains exact the text ``expected``.</doc>
<msg timestamp="20211213 22:43:42.051" level="INFO">Verifying element 'xpath://html/body/div/div/div/div[2]/div/div/div/div[1]/div[2]/div[1]/a/div' contains exact text 'Sauce Labs Fleece Jacket'.</msg>
<status status="PASS" starttime="20211213 22:43:42.050" endtime="20211213 22:43:42.154"/>
</kw>
<kw name="Close Browser" library="SeleniumLibrary" type="TEARDOWN">
<doc>Closes the current browser.</doc>
<status status="PASS" starttime="20211213 22:43:42.154" endtime="20211213 22:43:44.458"/>
</kw>
<status status="PASS" starttime="20211213 22:43:39.681" endtime="20211213 22:43:44.458"/>
</test>
<doc>Sort product price (low to high)
</doc>
<status status="PASS" starttime="20211213 22:43:39.384" endtime="20211213 22:43:44.460"/>
</suite>
<statistics>
<total>
<stat pass="1" fail="0" skip="0">All Tests</stat>
</total>
<tag>
</tag>
<suite>
<stat pass="1" fail="0" skip="0" id="s1" name="Sort-product-price-(high-to-low)">Sort-product-price-(high-to-low)</stat>
</suite>
</statistics>
<errors>
</errors>
</robot>
